ソニーが発売したＰＳＶＲはＶＲを楽しめる端末の“本命”と期待されている。
実際はそこにない空間に入り込んだような体験ができるＶＲはゲームとの親和性が高く、業界を活性化させそうだ。
ゲーム以外の幅広い分野でもビジネスチャンスが生まれ、多くの人のライフスタイルを変える可能性を秘めている。
ＰＳＶＲが本命視されるのは、世界で４千万台以上普及している家庭用ゲーム機「ＰＳ４」の利用者が自宅で手軽にＶＲを楽しめるからだ。
高性能の端末は、米フェイスブック傘下のオキュラスなども販売しているが、１０万円以上のパソコンにつながないと十分に機能を発揮できないうえ、端末も高価だ。
また、ＰＳＶＲにはカプコンの人気シリーズ「バイオハザード」の新作など、優良なコンテンツが多く投入される見通し。
ＶＲにはコンサート中継などの用途もあるが、同社の辻本春弘社長は「インタラクティブ（相互作用）が重要で、最も有望なのはゲームだ」と強調する。
スマートフォン向けゲームの存在感が高まっていたが、ＰＳＶＲの発売で、家庭用ゲーム機への注目度が再び高まる見通し。
任天堂は来年３月に新型ゲーム機「ＮＸ」を発売する予定だ。
一方、ＶＲで注目されるのは応用範囲の広さだ。
１３日に提供が始まったＰＳＶＲのコンテンツは２６あるが、純粋なゲームは半分程度。
コンサートや舞台の観賞、姫路城観光を疑似体験できるなど、映像コンテンツが目立つ。
ゲーム雑誌「ファミ通」を発行するカドカワの浜村弘一取締役は「ＰＳＶＲはただのゲームの周辺機器ではなく、『進化したモニター』ととらえるべきだ」と指摘する。
ＶＲをビジネスに活用する動きも拡大している。
三菱地所はマンションなどの内覧にＶＲを活用。
メルセデス・ベンツ日本は、ＶＲで車両を確認できる「クルマを置かないショールーム」を期間限定で開設した。
ＮＴＴデータは、プロ野球選手がＶＲで打撃の練習ができるシステムを開発し、海外展開を進める。
ＶＲにはゴーグル型のヘッドセットが大きく重いことや、体験で気分が悪くなる「ＶＲ酔い」など、克服すべき課題もある。
だが、調査会社トレンドフォースは２０２０年のＶＲ市場を７００億ドル（約７兆円）と予測するなど、技術革新による新しい需要への期待は大きい。

=== SEGMENT ===

先頭打者に四死球を与えると、失点につながりやすい－。
野球界でよくささやかれるこの“定説”が真実なのかを検証するため、担当する阪神タイガースの今季１４３試合で「先頭打者の打席結果」と「イニングごとの得点結果」を記録してきた。
その結果を、ここに報告したい。
阪神の今年の攻撃回は１２８２回。
守備回は１２８０回あった。
６月２４日の広島戦（マツダ）は、九回先頭の中谷が遊撃内野安打を放ったが、直後に降雨コールドとなったためイニングが完了しなかったとみなし、除いて考える。
阪神の攻撃で、相手投手が先頭打者に四死球を与えたケースは８６度あった。
後続がつないで得点につながったのは３０度で、結果的に奪った得点の合計は５８点。
「３４・８８％」の確率で得点が入り、得点数ごとの確率から計算する期待値は「０・６７４」だった。
阪神の守備では同じケースは１００度で、失点につながったのは３７度。
合計７２点を失い、失点確率は「３７・００％」だった。
失点の“期待値”も「０・７２０」とやや多かった。
これらと比べたいのが、先頭打者が単打を放ったケースだ。
阪神の攻撃で、先頭打者がシングルヒットを放ったのは２１９度。
得点が入ったのは７９度で「３６・０７％」。
計１６０点が入り、期待値は「０・７３１」だった。
阪神の守備では同じケースは２０３度。
失点したのは９０度で「４４・３３％」。
計１７２点を失い“期待値”は「０・８４７」だった。
攻守において、先頭打者の四死球より単打の方が点につながっており、「先頭打者に四死球を与えると（単打で出塁を許すより）失点につながりやすい」という定説は、今季の阪神には当てはまらなかった。
単純な印象の悪さが、定説を定説としている面があるように思える。
先頭打者の四死球は投手の失策だ、という見方さえある。
先頭打者の出塁を許した無死一塁と、打ち取った一死走者なしではそれほどの差がある。
今季、阪神の守りで先頭打者を打ち取ったのは８８３回。
そこから失点したのは１１１度。
失点確率は「１２・５７％」、期待値は「０・２２０」だった。
みすみす歩かせるのが「もったいない」と受け取られるのは、先頭の結果次第で失点確率が約２５％も違ってくるからだ。
プロ４年目の今季７勝１１敗とつまずいた藤浪は、先発した２６試合のうち１１試合で一回に失点した。
一回先頭への四球が５度もあり、うち２度は無失点で切り抜けたが、残りの３度で２失点以上している。
結果的にチームがサヨナラ勝ちした５月１９日の中日戦（甲子園）でも、初回先頭への四球から２失点へつながり「一番やってはいけない先頭打者への四球。
カウントを悪くして打たれるのも全てダメでした。
非常に恥ずかしいイニングでした」と自分を責めていた。
試合とイニングの入り方は、来季以降の巻き返しへ一つのカギになるだろう。
野球は２アウトから－という“ドラマチックさ”の対極に、先頭打者の結果が試合を左右している現実がある。
トイレに行くのも、球場のおいしいお弁当を買いに行くのもいいが、先頭打者にももっと、目をこらしてほしい。

=== SEGMENT ===

東宝は１７日、アニメ映画「君の名は。」（新海誠監督）の興行収入が８月２６日の公開から１０月１６日までの５２日間で１５４億１４４８万８３００円に達したと発表した。
観客動員数は１１８４万２８６４人。
同作はスペインで行われている第４９回シッチェス・カタロニア国際映画祭でアニメ作品部門の最優秀長編作品賞を受賞し、台湾、香港、英国など８９の国と地域での配給が決まるなど世界でも注目を浴びている。
興行収入１５０億円は、「崖の上のポニョ」の１５５億円に続く６位で、「―ポニョ」以来８年ぶりの１５０億円超えとなった。
１位は３０８億円の「千と千尋の神隠し」、２位に１９６億円の「ハウルの動く城」、３位「もののけ姫」が１９５億円とジブリ映画が独占している。
４位は１７３．５億円の「踊る大捜査線　ＴＨＥ　ＭＯＶＩＥ２」となっている。

=== SEGMENT ===

「君の名は。」は、不思議な力で体が入れ替わる高校生の男女の青春ファンタジー。
映画に登場する場所を“聖地巡礼”するなど“新海ワールド”に魅了され、何度も劇場に詰めかけるファンが殺到するなど社会現象となっている。
週間映画ランキングでＶ８を達成するなど、日本映画界に新たな歴史を刻む驚異の大ヒットを続けている。

=== SEGMENT ===

